error: [03.06.2022 19:03:19]: uncaughtException: listen EADDRINUSE: address already in use :::4000
Error: listen EADDRINUSE: address already in use :::4000
    at Server.setupListenHandle [as _listen2] (node:net:1380:16)
    at listenInCluster (node:net:1428:12)
    at Server.listen (node:net:1516:7)
    at Function.listen (C:\Users\dimam\OneDrive\Рабочий стол\laba4\node_modules\express\lib\application.js:618:24)
    at Object.<anonymous> (C:\Users\dimam\OneDrive\Рабочий стол\laba4\src\server.ts:8:5)
    at Module._compile (node:internal/modules/cjs/loader:1105:14)
    at Module.m._compile (C:\Users\dimam\OneDrive\Рабочий стол\laba4\node_modules\ts-node\src\index.ts:1455:23)
    at Module._extensions..js (node:internal/modules/cjs/loader:1159:10)
    at Object.require.extensions.<computed> [as .ts] (C:\Users\dimam\OneDrive\Рабочий стол\laba4\node_modules\ts-node\src\index.ts:1458:12)
    at Module.load (node:internal/modules/cjs/loader:981:32)
error: [03.06.2022 19:03:19]: undefined
error: [03.06.2022 19:03:19]: error
error: [03.06.2022 19:03:43]: uncaughtException: listen EADDRINUSE: address already in use :::4000
Error: listen EADDRINUSE: address already in use :::4000
    at Server.setupListenHandle [as _listen2] (node:net:1380:16)
    at listenInCluster (node:net:1428:12)
    at Server.listen (node:net:1516:7)
    at Function.listen (C:\Users\dimam\OneDrive\Рабочий стол\laba4\node_modules\express\lib\application.js:618:24)
    at Object.<anonymous> (C:\Users\dimam\OneDrive\Рабочий стол\laba4\src\server.ts:8:5)
    at Module._compile (node:internal/modules/cjs/loader:1105:14)
    at Module.m._compile (C:\Users\dimam\OneDrive\Рабочий стол\laba4\node_modules\ts-node\src\index.ts:1455:23)
    at Module._extensions..js (node:internal/modules/cjs/loader:1159:10)
    at Object.require.extensions.<computed> [as .ts] (C:\Users\dimam\OneDrive\Рабочий стол\laba4\node_modules\ts-node\src\index.ts:1458:12)
    at Module.load (node:internal/modules/cjs/loader:981:32)
error: [03.06.2022 19:03:43]: undefined
error: [03.06.2022 19:03:43]: error
error: [03.06.2022 19:03:56]: uncaughtException: listen EADDRINUSE: address already in use :::4000
Error: listen EADDRINUSE: address already in use :::4000
    at Server.setupListenHandle [as _listen2] (node:net:1380:16)
    at listenInCluster (node:net:1428:12)
    at Server.listen (node:net:1516:7)
    at Function.listen (C:\Users\dimam\OneDrive\Рабочий стол\laba4\node_modules\express\lib\application.js:618:24)
    at Object.<anonymous> (C:\Users\dimam\OneDrive\Рабочий стол\laba4\src\server.ts:8:5)
    at Module._compile (node:internal/modules/cjs/loader:1105:14)
    at Module.m._compile (C:\Users\dimam\OneDrive\Рабочий стол\laba4\node_modules\ts-node\src\index.ts:1455:23)
    at Module._extensions..js (node:internal/modules/cjs/loader:1159:10)
    at Object.require.extensions.<computed> [as .ts] (C:\Users\dimam\OneDrive\Рабочий стол\laba4\node_modules\ts-node\src\index.ts:1458:12)
    at Module.load (node:internal/modules/cjs/loader:981:32)
error: [03.06.2022 19:03:56]: undefined
error: [03.06.2022 19:03:56]: error
error: [03.06.2022 19:04:07]: uncaughtException: listen EADDRINUSE: address already in use :::4000
Error: listen EADDRINUSE: address already in use :::4000
    at Server.setupListenHandle [as _listen2] (node:net:1380:16)
    at listenInCluster (node:net:1428:12)
    at Server.listen (node:net:1516:7)
    at Function.listen (C:\Users\dimam\OneDrive\Рабочий стол\laba4\node_modules\express\lib\application.js:618:24)
    at Object.<anonymous> (C:\Users\dimam\OneDrive\Рабочий стол\laba4\src\server.ts:8:5)
    at Module._compile (node:internal/modules/cjs/loader:1105:14)
    at Module.m._compile (C:\Users\dimam\OneDrive\Рабочий стол\laba4\node_modules\ts-node\src\index.ts:1455:23)
    at Module._extensions..js (node:internal/modules/cjs/loader:1159:10)
    at Object.require.extensions.<computed> [as .ts] (C:\Users\dimam\OneDrive\Рабочий стол\laba4\node_modules\ts-node\src\index.ts:1458:12)
    at Module.load (node:internal/modules/cjs/loader:981:32)
error: [03.06.2022 19:04:07]: undefined
error: [03.06.2022 19:04:07]: error
error: [03.06.2022 19:04:17]: uncaughtException: listen EADDRINUSE: address already in use :::4000
Error: listen EADDRINUSE: address already in use :::4000
    at Server.setupListenHandle [as _listen2] (node:net:1380:16)
    at listenInCluster (node:net:1428:12)
    at Server.listen (node:net:1516:7)
    at Function.listen (C:\Users\dimam\OneDrive\Рабочий стол\laba4\node_modules\express\lib\application.js:618:24)
    at Object.<anonymous> (C:\Users\dimam\OneDrive\Рабочий стол\laba4\src\server.ts:8:5)
    at Module._compile (node:internal/modules/cjs/loader:1105:14)
    at Module.m._compile (C:\Users\dimam\OneDrive\Рабочий стол\laba4\node_modules\ts-node\src\index.ts:1455:23)
    at Module._extensions..js (node:internal/modules/cjs/loader:1159:10)
    at Object.require.extensions.<computed> [as .ts] (C:\Users\dimam\OneDrive\Рабочий стол\laba4\node_modules\ts-node\src\index.ts:1458:12)
    at Module.load (node:internal/modules/cjs/loader:981:32)
error: [03.06.2022 19:04:17]: undefined
error: [03.06.2022 19:04:17]: error
